TN:
SF:api\upwork-portfolio.ts
FN:96,readTokensFromEnv
FN:107,isStale
FN:112,refreshAccessToken
FN:156,persistTokensToVercel
FN:199,(anonymous_4)
FN:202,(anonymous_5)
FN:284,slugify
FN:291,extractYouTubeId
FN:298,transformProjects
FN:299,(anonymous_9)
FN:304,(anonymous_10)
FN:353,(anonymous_11)
FN:374,fetchPortfolioData
FN:442,handler
FN:479,(anonymous_14)
FN:493,(anonymous_15)
FN:494,(anonymous_16)
FNF:17
FNH:0
FNDA:0,readTokensFromEnv
FNDA:0,isStale
FNDA:0,refreshAccessToken
FNDA:0,persistTokensToVercel
FNDA:0,(anonymous_4)
FNDA:0,(anonymous_5)
FNDA:0,slugify
FNDA:0,extractYouTubeId
FNDA:0,transformProjects
FNDA:0,(anonymous_9)
FNDA:0,(anonymous_10)
FNDA:0,(anonymous_11)
FNDA:0,fetchPortfolioData
FNDA:0,handler
FNDA:0,(anonymous_14)
FNDA:0,(anonymous_15)
FNDA:0,(anonymous_16)
DA:34,0
DA:35,0
DA:36,0
DA:39,0
DA:40,0
DA:43,0
DA:97,0
DA:98,0
DA:101,0
DA:102,0
DA:103,0
DA:104,0
DA:108,0
DA:109,0
DA:113,0
DA:114,0
DA:116,0
DA:123,0
DA:129,0
DA:130,0
DA:131,0
DA:136,0
DA:142,0
DA:143,0
DA:145,0
DA:157,0
DA:158,0
DA:159,0
DA:161,0
DA:162,0
DA:166,0
DA:169,0
DA:170,0
DA:171,0
DA:176,0
DA:188,0
DA:189,0
DA:190,0
DA:194,0
DA:196,0
DA:199,0
DA:201,0
DA:203,0
DA:204,0
DA:206,0
DA:216,0
DA:230,0
DA:237,0
DA:285,0
DA:292,0
DA:295,0
DA:299,0
DA:300,0
DA:302,0
DA:303,0
DA:304,0
DA:307,0
DA:310,0
DA:311,0
DA:312,0
DA:313,0
DA:324,0
DA:325,0
DA:326,0
DA:327,0
DA:328,0
DA:329,0
DA:337,0
DA:338,0
DA:353,0
DA:354,0
DA:355,0
DA:358,0
DA:365,0
DA:366,0
DA:367,0
DA:368,0
DA:370,0
DA:377,0
DA:390,0
DA:391,0
DA:392,0
DA:395,0
DA:406,0
DA:407,0
DA:412,0
DA:413,0
DA:414,0
DA:419,0
DA:420,0
DA:424,0
DA:425,0
DA:427,0
DA:447,0
DA:448,0
DA:449,0
DA:451,0
DA:452,0
DA:453,0
DA:456,0
DA:457,0
DA:458,0
DA:459,0
DA:460,0
DA:465,0
DA:466,0
DA:467,0
DA:470,0
DA:472,0
DA:473,0
DA:475,0
DA:476,0
DA:477,0
DA:479,0
DA:480,0
DA:484,0
DA:489,0
DA:490,0
DA:491,0
DA:492,0
DA:493,0
DA:495,0
DA:498,0
DA:504,0
DA:516,0
DA:517,0
LF:126
LH:0
BRDA:97,0,0,0
BRDA:97,0,1,0
BRDA:98,1,0,0
BRDA:98,1,1,0
BRDA:101,2,0,0
BRDA:101,2,1,0
BRDA:102,3,0,0
BRDA:102,3,1,0
BRDA:108,4,0,0
BRDA:108,4,1,0
BRDA:113,5,0,0
BRDA:113,5,1,0
BRDA:114,6,0,0
BRDA:114,6,1,0
BRDA:129,7,0,0
BRDA:129,7,1,0
BRDA:143,8,0,0
BRDA:143,8,1,0
BRDA:147,9,0,0
BRDA:147,9,1,0
BRDA:161,10,0,0
BRDA:161,10,1,0
BRDA:161,11,0,0
BRDA:161,11,1,0
BRDA:169,12,0,0
BRDA:169,12,1,0
BRDA:189,13,0,0
BRDA:189,13,1,0
BRDA:199,14,0,0
BRDA:199,14,1,0
BRDA:204,15,0,0
BRDA:204,15,1,0
BRDA:207,16,0,0
BRDA:207,16,1,0
BRDA:302,17,0,0
BRDA:302,17,1,0
BRDA:303,18,0,0
BRDA:303,18,1,0
BRDA:310,19,0,0
BRDA:310,19,1,0
BRDA:312,20,0,0
BRDA:312,20,1,0
BRDA:324,21,0,0
BRDA:324,21,1,0
BRDA:325,22,0,0
BRDA:325,22,1,0
BRDA:326,23,0,0
BRDA:326,23,1,0
BRDA:326,24,0,0
BRDA:326,24,1,0
BRDA:328,25,0,0
BRDA:328,25,1,0
BRDA:337,26,0,0
BRDA:337,26,1,0
BRDA:339,27,0,0
BRDA:339,27,1,0
BRDA:341,28,0,0
BRDA:341,28,1,0
BRDA:342,29,0,0
BRDA:342,29,1,0
BRDA:353,30,0,0
BRDA:353,30,1,0
BRDA:353,31,0,0
BRDA:353,31,1,0
BRDA:360,32,0,0
BRDA:360,32,1,0
BRDA:361,33,0,0
BRDA:361,33,1,0
BRDA:365,34,0,0
BRDA:365,34,1,0
BRDA:366,35,0,0
BRDA:366,35,1,0
BRDA:368,36,0,0
BRDA:368,36,1,0
BRDA:390,37,0,0
BRDA:390,37,1,0
BRDA:406,38,0,0
BRDA:406,38,1,0
BRDA:413,39,0,0
BRDA:413,39,1,0
BRDA:419,40,0,0
BRDA:419,40,1,0
BRDA:424,41,0,0
BRDA:424,41,1,0
BRDA:447,42,0,0
BRDA:447,42,1,0
BRDA:449,43,0,0
BRDA:449,43,1,0
BRDA:451,44,0,0
BRDA:451,44,1,0
BRDA:451,45,0,0
BRDA:451,45,1,0
BRDA:458,46,0,0
BRDA:458,46,1,0
BRDA:465,47,0,0
BRDA:465,47,1,0
BRDA:465,48,0,0
BRDA:465,48,1,0
BRDA:475,49,0,0
BRDA:475,49,1,0
BRDA:489,50,0,0
BRDA:489,50,1,0
BRDA:491,51,0,0
BRDA:491,51,1,0
BRDA:509,52,0,0
BRDA:509,52,1,0
BRF:106
BRH:0
end_of_record
TN:
SF:src\data\site-content.ts
FN:88,(anonymous_0)
FN:110,(anonymous_1)
FN:119,(anonymous_2)
FN:134,(anonymous_3)
FN:141,(anonymous_4)
FNF:5
FNH:0
FNDA:0,(anonymous_0)
FNDA:0,(anonymous_1)
FNDA:0,(anonymous_2)
FNDA:0,(anonymous_3)
FNDA:0,(anonymous_4)
DA:7,0
DA:8,0
DA:9,0
DA:10,0
DA:14,0
DA:15,0
DA:16,0
DA:18,0
DA:21,0
DA:25,0
DA:26,0
DA:66,0
DA:88,0
DA:89,0
DA:90,0
DA:91,0
DA:92,0
DA:93,0
DA:94,0
DA:95,0
DA:96,0
DA:97,0
DA:98,0
DA:103,0
DA:105,0
DA:108,0
DA:110,0
DA:120,0
DA:121,0
DA:122,0
DA:124,0
DA:128,0
DA:130,0
DA:133,0
DA:134,0
DA:136,0
DA:141,0
DA:144,0
DA:208,0
DA:223,0
DA:243,0
DA:251,0
DA:272,0
DA:338,0
DA:437,0
DA:496,0
DA:523,0
DA:576,0
DA:627,0
DA:646,0
DA:674,0
DA:700,0
DA:739,0
DA:766,0
DA:777,0
DA:820,0
DA:839,0
DA:857,0
DA:914,0
DA:943,0
LF:60
LH:0
BRDA:20,0,0,0
BRDA:20,0,1,0
BRDA:25,1,0,0
BRDA:25,1,1,0
BRDA:26,2,0,0
BRDA:26,2,1,0
BRDA:90,3,0,0
BRDA:90,3,1,0
BRDA:91,4,0,0
BRDA:91,4,1,0
BRDA:91,5,0,0
BRDA:91,5,1,0
BRDA:93,6,0,0
BRDA:93,6,1,0
BRDA:93,7,0,0
BRDA:93,7,1,0
BRDA:95,8,0,0
BRDA:95,8,1,0
BRDA:96,9,0,0
BRDA:96,9,1,0
BRDA:96,10,0,0
BRDA:96,10,1,0
BRDA:98,11,0,0
BRDA:98,11,1,0
BRDA:99,12,0,0
BRDA:99,12,1,0
BRDA:99,12,2,0
BRDA:113,13,0,0
BRDA:113,13,1,0
BRDA:114,14,0,0
BRDA:114,14,1,0
BRDA:116,15,0,0
BRDA:116,15,1,0
BRDA:120,16,0,0
BRDA:120,16,1,0
BRDA:121,17,0,0
BRDA:121,17,1,0
BRDA:130,18,0,0
BRDA:130,18,1,0
BRDA:137,19,0,0
BRDA:137,19,1,0
BRF:41
BRH:0
end_of_record
TN:
SF:src\data\site-types.ts
FNF:0
FNH:0
LF:0
LH:0
BRF:0
BRH:0
end_of_record
